{"/Users/fab/workspace/test/jessewarden/integrationTesting2/index.js":{"path":"/Users/fab/workspace/test/jessewarden/integrationTesting2/index.js","s":{"1":1,"2":1,"3":1,"4":1,"5":0,"6":1,"7":0,"8":1,"9":0,"10":1,"11":0,"12":1,"13":1,"14":1,"15":1,"16":1,"17":1,"18":0,"19":0,"20":0,"21":1,"22":0,"23":0,"24":0,"25":0,"26":0,"27":1,"28":0,"29":0,"30":0,"31":0,"32":0,"33":0,"34":0,"35":0,"36":0,"37":0,"38":0,"39":1,"40":1,"41":0},"b":{"1":[0,1]},"f":{},"fnMap":{},"statementMap":{"1":{"start":{"line":1,"column":0},"end":{"line":1,"column":34}},"2":{"start":{"line":2,"column":0},"end":{"line":2,"column":27}},"3":{"start":{"line":3,"column":0},"end":{"line":3,"column":24}},"4":{"start":{"line":5,"column":0},"end":{"line":11,"column":1}},"5":{"start":{"line":6,"column":2},"end":{"line":10,"column":3}},"6":{"start":{"line":13,"column":0},"end":{"line":19,"column":1}},"7":{"start":{"line":14,"column":2},"end":{"line":18,"column":3}},"8":{"start":{"line":21,"column":0},"end":{"line":27,"column":1}},"9":{"start":{"line":22,"column":2},"end":{"line":26,"column":3}},"10":{"start":{"line":29,"column":0},"end":{"line":34,"column":1}},"11":{"start":{"line":30,"column":2},"end":{"line":33,"column":3}},"12":{"start":{"line":36,"column":0},"end":{"line":36,"column":41}},"13":{"start":{"line":37,"column":0},"end":{"line":37,"column":42}},"14":{"start":{"line":38,"column":0},"end":{"line":38,"column":37}},"15":{"start":{"line":40,"column":0},"end":{"line":44,"column":1}},"16":{"start":{"line":46,"column":0},"end":{"line":50,"column":1}},"17":{"start":{"line":52,"column":0},"end":{"line":56,"column":2}},"18":{"start":{"line":53,"column":2},"end":{"line":53,"column":62}},"19":{"start":{"line":54,"column":2},"end":{"line":54,"column":32}},"20":{"start":{"line":55,"column":2},"end":{"line":55,"column":64}},"21":{"start":{"line":58,"column":0},"end":{"line":64,"column":1}},"22":{"start":{"line":59,"column":2},"end":{"line":59,"column":49}},"23":{"start":{"line":60,"column":2},"end":{"line":60,"column":67}},"24":{"start":{"line":61,"column":2},"end":{"line":61,"column":38}},"25":{"start":{"line":62,"column":2},"end":{"line":62,"column":46}},"26":{"start":{"line":63,"column":2},"end":{"line":63,"column":18}},"27":{"start":{"line":66,"column":0},"end":{"line":82,"column":1}},"28":{"start":{"line":67,"column":2},"end":{"line":81,"column":4}},"29":{"start":{"line":68,"column":4},"end":{"line":68,"column":42}},"30":{"start":{"line":69,"column":4},"end":{"line":69,"column":46}},"31":{"start":{"line":71,"column":4},"end":{"line":74,"column":6}},"32":{"start":{"line":72,"column":6},"end":{"line":72,"column":61}},"33":{"start":{"line":73,"column":6},"end":{"line":73,"column":24}},"34":{"start":{"line":75,"column":4},"end":{"line":75,"column":79}},"35":{"start":{"line":75,"column":42},"end":{"line":75,"column":78}},"36":{"start":{"line":77,"column":4},"end":{"line":80,"column":6}},"37":{"start":{"line":78,"column":6},"end":{"line":78,"column":65}},"38":{"start":{"line":79,"column":6},"end":{"line":79,"column":22}},"39":{"start":{"line":84,"column":0},"end":{"line":97,"column":1}},"40":{"start":{"line":99,"column":0},"end":{"line":101,"column":1}},"41":{"start":{"line":100,"column":2},"end":{"line":100,"column":15}}},"branchMap":{"1":{"line":99,"type":"if","locations":[{"start":{"line":99,"column":0},"end":{"line":99,"column":0}},{"start":{"line":99,"column":0},"end":{"line":99,"column":0}}]}}}}